<?xml version="1.0" encoding="UTF-8"?>
<!-- Generated by org.testng.reporters.JUnitXMLReporter -->
<testsuite ignored="0" hostname="LAPTOP-1FKLOM4F" failures="0" tests="4"
           name="LearnRestAssuredFramework" time="9.435" errors="0"
           timestamp="2026-03-22T09:58:53 IST">
    <testcase classname="apiTests.E2ETests" name="getAllBooks" time="0.715"/>
    <testcase classname="apiTests.E2ETests" name="addBook" time="0.949"/>
    <testcase classname="apiTests.E2ETests" name="deleteBook" time="0.921"/>
    <testcase classname="apiTests.E2ETests" name="verifyDeletion" time="0.795"/>
</testsuite> <!-- LearnRestAssuredFramework -->
