<?xml version="1.0" encoding="UTF-8"?>
<testng-results ignored="0" total="4" passed="4" failed="0" skipped="0">
    <reporter-output>
    </reporter-output>
    <suite started-at="2026-03-22T09:58:43 IST" name="Default Suite"
           finished-at="2026-03-22T09:58:53 IST" duration-ms="9435">
        <groups>
        </groups>
        <test started-at="2026-03-22T09:58:43 IST" name="LearnRestAssuredFramework"
              finished-at="2026-03-22T09:58:53 IST" duration-ms="9435">
            <class name="apiTests.E2ETests">
                <test-method is-config="true"
                             signature="fetchData()[pri:0, instance:apiTests.E2ETests@210ab13f]"
                             started-at="2026-03-22T09:58:43 IST" name="fetchData"
                             finished-at="2026-03-22T09:58:43 IST" duration-ms="14"
                             status="PASS">
                    <reporter-output>
                    </reporter-output>
                </test-method> <!-- fetchData -->
                <test-method is-config="true"
                             signature="setup()[pri:0, instance:apiTests.E2ETests@210ab13f]"
                             started-at="2026-03-22T09:58:43 IST" name="setup"
                             finished-at="2026-03-22T09:58:48 IST" duration-ms="5101"
                             status="PASS">
                    <reporter-output>
                    </reporter-output>
                </test-method> <!-- setup -->
                <test-method
                        signature="getAllBooks()[pri:0, instance:apiTests.E2ETests@210ab13f]"
                        started-at="2026-03-22T09:58:48 IST" name="getAllBooks"
                        finished-at="2026-03-22T09:58:49 IST" duration-ms="715"
                        status="PASS">
                    <reporter-output>
                    </reporter-output>
                </test-method> <!-- getAllBooks -->
                <test-method
                        signature="addBook()[pri:0, instance:apiTests.E2ETests@210ab13f]"
                        started-at="2026-03-22T09:58:49 IST" name="addBook"
                        finished-at="2026-03-22T09:58:50 IST"
                        depends-on-methods="apiTests.E2ETests.getAllBooks"
                        duration-ms="949" status="PASS">
                    <reporter-output>
                    </reporter-output>
                </test-method> <!-- addBook -->
                <test-method
                        signature="deleteBook()[pri:0, instance:apiTests.E2ETests@210ab13f]"
                        started-at="2026-03-22T09:58:50 IST" name="deleteBook"
                        finished-at="2026-03-22T09:58:51 IST"
                        depends-on-methods="apiTests.E2ETests.addBook"
                        duration-ms="921" status="PASS">
                    <reporter-output>
                    </reporter-output>
                </test-method> <!-- deleteBook -->
                <test-method
                        signature="verifyDeletion()[pri:0, instance:apiTests.E2ETests@210ab13f]"
                        started-at="2026-03-22T09:58:51 IST" name="verifyDeletion"
                        finished-at="2026-03-22T09:58:52 IST"
                        depends-on-methods="apiTests.E2ETests.deleteBook"
                        duration-ms="795" status="PASS">
                    <reporter-output>
                    </reporter-output>
                </test-method> <!-- verifyDeletion -->
                <test-method is-config="true"
                             signature="deleteUser()[pri:0, instance:apiTests.E2ETests@210ab13f]"
                             started-at="2026-03-22T09:58:52 IST" name="deleteUser"
                             finished-at="2026-03-22T09:58:53 IST" duration-ms="921"
                             status="PASS">
                    <reporter-output>
                    </reporter-output>
                </test-method> <!-- deleteUser -->
            </class> <!-- apiTests.E2ETests -->
        </test> <!-- LearnRestAssuredFramework -->
    </suite> <!-- Default Suite -->
</testng-results>
